<?xml version="1.0" encoding="UTF-8"?>
<testng-results ignored="0" total="1" passed="1" failed="0" skipped="0">
  <reporter-output>
  </reporter-output>
  <suite started-at="2022-01-07T09:59:15Z" name="Default suite" finished-at="2022-01-07T09:59:25Z" duration-ms="10558">
    <groups>
    </groups>
    <test started-at="2022-01-07T09:59:15Z" name="Default test" finished-at="2022-01-07T09:59:25Z" duration-ms="10558">
      <class name="p1.Demo1">
        <test-method signature="test()[pri:0, instance:p1.Demo1@563f38c4]" started-at="2022-01-07T09:59:15Z" name="test" finished-at="2022-01-07T09:59:25Z" duration-ms="10484" status="PASS">
          <reporter-output>
          </reporter-output>
        </test-method> <!-- test -->
      </class> <!-- p1.Demo1 -->
    </test> <!-- Default test -->
  </suite> <!-- Default suite -->
</testng-results>
